Flutter crash report.
Please report a bug at https://github.com/flutter/flutter/issues.

## command

flutter run

## exception

RPCError: getVM: (-32000) Service connection disposed

```
```

## flutter doctor

```
[32m[✓][39m Flutter (Channel stable, 3.24.0, on Microsoft Windows [Version 10.0.22631.4169], locale en-GB)
    [32m•[39m Flutter version 3.24.0 on channel stable at C:\Users\mohittayal\dev\flutter
    [32m•[39m Upstream repository https://github.com/flutter/flutter.git
    [32m•[39m Framework revision 80c2e84975 (7 weeks ago), 2024-07-30 23:06:49 +0700
    [32m•[39m Engine revision b8800d88be
    [32m•[39m Dart version 3.5.0
    [32m•[39m DevTools version 2.37.2

[32m[✓][39m Windows Version (Installed version of Windows is version 10 or higher)

[32m[✓][39m Android toolchain - develop for Android devices (Android SDK version 35.0.0)
    [32m•[39m Android SDK at C:\Users\mohittayal\AppData\Local\Android\sdk
    [32m•[39m Platform android-35, build-tools 35.0.0
    [32m•[39m Java binary at: C:\Program Files\Android\Android Studio\jbr\bin\java
    [32m•[39m Java version OpenJDK Runtime Environment (build 17.0.11+0--11852314)
    [32m•[39m All Android licenses accepted.

[32m[✓][39m Chrome - develop for the web
    [32m•[39m Chrome at C:\Program Files\Google\Chrome\Application\chrome.exe

[33m[!][39m Visual Studio - develop Windows apps (Visual Studio Community 2022 17.11.3)
    [32m•[39m Visual Studio at C:\Program Files\Microsoft Visual Studio\2022\Community
    [32m•[39m Visual Studio Community 2022 version 17.11.35303.130
    [31m✗[39m Visual Studio is missing necessary components. Please re-run the Visual Studio installer for the "Desktop development with C++" workload, and include
      these components:
        MSVC v142 - VS 2019 C++ x64/x86 build tools
         - If there are multiple build tool versions available, install the latest
        C++ CMake tools for Windows
        Windows 10 SDK

[32m[✓][39m Android Studio (version 2024.1)
    [32m•[39m Android Studio at C:\Program Files\Android\Android Studio
    [32m•[39m Flutter plugin can be installed from:
      🔨 https://plugins.jetbrains.com/plugin/9212-flutter
    [32m•[39m Dart plugin can be installed from:
      🔨 https://plugins.jetbrains.com/plugin/6351-dart
    [32m•[39m Java version OpenJDK Runtime Environment (build 17.0.11+0--11852314)

[32m[✓][39m VS Code (version 1.93.1)
    [32m•[39m VS Code at C:\Users\mohittayal\AppData\Local\Programs\Microsoft VS Code
    [32m•[39m Flutter extension version 3.96.0

[32m[✓][39m Connected device (4 available)
    [32m•[39m sdk gphone64 x86 64 (mobile) • emulator-5554 • android-x64    • Android 15 (API 35) (emulator)
    [32m•[39m Windows (desktop)            • windows       • windows-x64    • Microsoft Windows [Version 10.0.22631.4169]
    [32m•[39m Chrome (web)                 • chrome        • web-javascript • Google Chrome 128.0.6613.121
    [32m•[39m Edge (web)                   • edge          • web-javascript • Microsoft Edge 128.0.2739.79

[32m[✓][39m Network resources
    [32m•[39m All expected network resources are available.

[33m![39m Doctor found issues in 1 category.
```
